INFO: [VRFC 10-2263] Analyzing Verilog file "D:/PROJECTS/Single Cycle RISC-V/RISC_V_Single_Cycle/RISC_V_Single_Cycle.srcs/sources_1/new/ALU.v" into library xil_defaultlib
INFO: [VRFC 10-311] analyzing module ALU
INFO: [VRFC 10-2263] Analyzing Verilog file "D:/PROJECTS/Single Cycle RISC-V/RISC_V_Single_Cycle/RISC_V_Single_Cycle.srcs/sources_1/new/ALU_decoder.v" into library xil_defaultlib
INFO: [VRFC 10-311] analyzing module ALU_decoder
INFO: [VRFC 10-2263] Analyzing Verilog file "D:/PROJECTS/Single Cycle RISC-V/RISC_V_Single_Cycle/RISC_V_Single_Cycle.srcs/sources_1/new/CU_Top.v" into library xil_defaultlib
INFO: [VRFC 10-311] analyzing module CU_Top_module
INFO: [VRFC 10-2263] Analyzing Verilog file "D:/PROJECTS/Single Cycle RISC-V/RISC_V_Single_Cycle/RISC_V_Single_Cycle.srcs/sources_1/new/Data_mem.v" into library xil_defaultlib
INFO: [VRFC 10-311] analyzing module Data_memory
INFO: [VRFC 10-2263] Analyzing Verilog file "D:/PROJECTS/Single Cycle RISC-V/RISC_V_Single_Cycle/RISC_V_Single_Cycle.srcs/sources_1/new/Instr_mem.v" into library xil_defaultlib
INFO: [VRFC 10-311] analyzing module Instr_memory
INFO: [VRFC 10-2263] Analyzing Verilog file "D:/PROJECTS/Single Cycle RISC-V/RISC_V_Single_Cycle/RISC_V_Single_Cycle.srcs/sources_1/new/Main_decoder.v" into library xil_defaultlib
INFO: [VRFC 10-311] analyzing module Main_decoder
INFO: [VRFC 10-2263] Analyzing Verilog file "D:/PROJECTS/Single Cycle RISC-V/RISC_V_Single_Cycle/RISC_V_Single_Cycle.srcs/sources_1/new/Mux.v" into library xil_defaultlib
INFO: [VRFC 10-311] analyzing module Mux
INFO: [VRFC 10-2263] Analyzing Verilog file "D:/PROJECTS/Single Cycle RISC-V/RISC_V_Single_Cycle/RISC_V_Single_Cycle.srcs/sources_1/new/PC.v" into library xil_defaultlib
INFO: [VRFC 10-311] analyzing module PC
INFO: [VRFC 10-2263] Analyzing Verilog file "D:/PROJECTS/Single Cycle RISC-V/RISC_V_Single_Cycle/RISC_V_Single_Cycle.srcs/sources_1/new/PC_Adder.v" into library xil_defaultlib
INFO: [VRFC 10-311] analyzing module PC_adder
INFO: [VRFC 10-2263] Analyzing Verilog file "D:/PROJECTS/Single Cycle RISC-V/RISC_V_Single_Cycle/RISC_V_Single_Cycle.srcs/sources_1/new/RISC_V_Top.v" into library xil_defaultlib
INFO: [VRFC 10-311] analyzing module Single_Cycle_Top
INFO: [VRFC 10-2263] Analyzing Verilog file "D:/PROJECTS/Single Cycle RISC-V/RISC_V_Single_Cycle/RISC_V_Single_Cycle.srcs/sources_1/new/Reg_file.v" into library xil_defaultlib
INFO: [VRFC 10-311] analyzing module Reg_file
INFO: [VRFC 10-2263] Analyzing Verilog file "D:/PROJECTS/Single Cycle RISC-V/RISC_V_Single_Cycle/RISC_V_Single_Cycle.srcs/sources_1/new/Sign_extend.v" into library xil_defaultlib
INFO: [VRFC 10-311] analyzing module Sign_extend
INFO: [VRFC 10-2263] Analyzing Verilog file "D:/PROJECTS/Single Cycle RISC-V/RISC_V_Single_Cycle/RISC_V_Single_Cycle.srcs/sim_1/new/RISC_V_tb.v" into library xil_defaultlib
INFO: [VRFC 10-311] analyzing module Single_Cycle_Top_tb
